

============================================================
versionCode: 1
versionName: 1.0.0
commit: v1.0.0
Build completed at 2025-12-04 11:43:22Z


OSError while trying to execute C:\Users\pjiaq\AppData\Local\Programs\Python\Python312\Lib\site-packages\gradlew-fdroid clean: [WinError 2] The system cannot find the file specified

============================================================
versionCode: 1
versionName: 1.0.0
commit: v1.0.0
Build completed at 2025-12-04 11:43:47Z


OSError while trying to execute C:\Users\pjiaq\AppData\Local\Programs\Python\Python312\Lib\site-packages\gradlew-fdroid clean: [WinError 2] The system cannot find the file specified

============================================================
versionCode: 1
versionName: 1.0.0
commit: v1.0.0
Build completed at 2025-12-04 11:45:08Z


OSError while trying to execute C:\Users\pjiaq\AppData\Local\Programs\Python\Python312\Lib\site-packages\gradlew-fdroid clean: [WinError 2] The system cannot find the file specified

============================================================
versionCode: 1
versionName: 1.0.0
commit: v1.0.0
Build completed at 2025-12-04 11:46:50Z


OSError while trying to execute C:\Users\pjiaq\AppData\Local\Programs\Python\Python312\Lib\site-packages\gradlew-fdroid clean: [WinError 2] The system cannot find the file specified